npm warn Unknown env config "npm-globalconfig". This will stop working in the next major version of npm. See `npm help npmrc` for supported config options.
npm warn Unknown env config "verify-deps-before-run". This will stop working in the next major version of npm. See `npm help npmrc` for supported config options.
npm warn Unknown env config "_jsr-registry". This will stop working in the next major version of npm. See `npm help npmrc` for supported config options.

> 3d-sculpt-workspace@1.0.0 build
> vite build

vite v6.4.1 building for production...
transforming...
✓ 2 modules transformed.
✗ Build failed in 19ms
error during build:
[vite]: Rollup failed to resolve import "@react-oauth/google" from "/Users/samwise/factory-projects/sculpt3d/src/main.jsx".
This is most likely unintended because it can break your application at runtime.
If you do want to externalize this module explicitly add it to
`build.rollupOptions.external`
    at viteLog (file:///Users/samwise/factory-projects/sculpt3d/node_modules/vite/dist/node/chunks/dep-D4NMHUTW.js:46374:15)
    at file:///Users/samwise/factory-projects/sculpt3d/node_modules/vite/dist/node/chunks/dep-D4NMHUTW.js:46432:18
    at onwarn (file:///Users/samwise/factory-projects/sculpt3d/node_modules/@vitejs/plugin-react/dist/index.js:90:7)
    at file:///Users/samwise/factory-projects/sculpt3d/node_modules/vite/dist/node/chunks/dep-D4NMHUTW.js:46430:7
    at onRollupLog (file:///Users/samwise/factory-projects/sculpt3d/node_modules/vite/dist/node/chunks/dep-D4NMHUTW.js:46422:5)
    at onLog (file:///Users/samwise/factory-projects/sculpt3d/node_modules/vite/dist/node/chunks/dep-D4NMHUTW.js:46072:7)
    at file:///Users/samwise/factory-projects/sculpt3d/node_modules/rollup/dist/es/shared/node-entry.js:20981:32
    at Object.logger [as onLog] (file:///Users/samwise/factory-projects/sculpt3d/node_modules/rollup/dist/es/shared/node-entry.js:22968:9)
    at ModuleLoader.handleInvalidResolvedId (file:///Users/samwise/factory-projects/sculpt3d/node_modules/rollup/dist/es/shared/node-entry.js:21712:26)
    at file:///Users/samwise/factory-projects/sculpt3d/node_modules/rollup/dist/es/shared/node-entry.js:21670:26
