Retrieving project…
Deploying marcintreder1s-projects/plenum3d
Uploading [--------------------] (0.0B/5.4KB)
Uploading [========------------] (2.4KB/5.4KB)
Uploading [=============-------] (3.5KB/5.4KB)
Uploading [==================--] (5.0KB/5.4KB)
Uploading [====================] (5.4KB/5.4KB)
Inspect: https://vercel.com/marcintreder1s-projects/plenum3d/BcQ8oVHE4tNQ2MCSuNjahX3FPtnR [2s]
Production: https://plenum3d-cms1sn4jq-marcintreder1s-projects.vercel.app [2s]
https://plenum3d-cms1sn4jq-marcintreder1s-projects.vercel.appBuilding...
Building...
Building: Running build in Portland, USA (West) – pdx1 (Turbo Build Machine)
Building: Build machine configuration: 30 cores, 60 GB
Building: Retrieving list of deployment files...
Building: Downloading 97 deployment files...
Building: Restored build cache from previous deployment (G7pU1V5KoxZyTKjgMQPz4fUPCbpC)
Building: Warning: "vercel" found in project dependencies and will be ignored.
Building: Warning: Detected "engines": { "node": ">=20" } in your `package.json` that will automatically upgrade when a new major Node.js Version is released. Learn More: https://vercel.link/node-version
Building: Running "vercel build"
Building: Vercel CLI 50.32.4
Building: Warning: Detected "engines": { "node": ">=20" } in your `package.json` that will automatically upgrade when a new major Node.js Version is released. Learn More: https://vercel.link/node-version
Building: Installing dependencies...
Building: up to date in 1s
Building: 69 packages are looking for funding
Building: run `npm fund` for details
Building: Running "npm run build"
Building: > 3d-sculpt-workspace@1.0.0 build
Building: > vite build
Building: vite v6.4.1 building for production...
Building: transforming...
Building: ✓ 2365 modules transformed.
Building: rendering chunks...
Building: computing gzip size...
Building: dist/index.html                     0.39 kB │ gzip:   0.27 kB
Building: dist/assets/index-CAXl98yA.css     37.76 kB │ gzip:   7.42 kB
Building: dist/assets/index-BxxiaeKr.js   1,436.65 kB │ gzip: 402.78 kB
Building: (!) Some chunks are larger than 500 kB after minification. Consider:
Building: - Using dynamic import() to code-split the application
Building: - Use build.rollupOptions.output.manualChunks to improve chunking: https://rollupjs.org/configuration-options/#output-manualchunks
Building: - Adjust chunk size limit for this warning via build.chunkSizeWarningLimit.
Building: ✓ built in 6.67s
Building: Warning: Detected "engines": { "node": ">=20" } in your `package.json` that will automatically upgrade when a new major Node.js Version is released. Learn More: https://vercel.link/node-version
Building: Warning: Detected "engines": { "node": ">=20" } in your `package.json` that will automatically upgrade when a new major Node.js Version is released. Learn More: https://vercel.link/node-version
Building: Build Completed in /vercel/output [10s]
Building: Deploying outputs...
[2K[1A[2K[GProduction: https://plenum3d-cms1sn4jq-marcintreder1s-projects.vercel.app [23s]
Completing...
Aliased: https://plenum3d.com [23s]
